<?xml version="1.0" encoding="utf-8"?>
<coverage line-rate="1" branch-rate="0.9" version="1.9" timestamp="1767402267" lines-covered="47" lines-valid="47" branches-covered="9" branches-valid="10">
  <sources>
    <source>C:\Users\execo\source\repos\ProyectoIngenieriaSofware2\CarritoDeCompra.Base\</source>
  </sources>
  <packages>
    <package name="CarritoDeCompra.Base" line-rate="1" branch-rate="0.9" complexity="19">
      <classes>
        <class name="CarritoDeCompra.Base.Carrito" filename="Carrito.cs" line-rate="1" branch-rate="1" complexity="11">
          <methods>
            <method name="get_Items" signature="()" line-rate="1" branch-rate="1" complexity="1">
              <lines>
                <line number="18" hits="5" branch="False" />
              </lines>
            </method>
            <method name="AgregarItem" signature="(CarritoDeCompra.Base.Models.Producto,System.Int32)" line-rate="1" branch-rate="1" complexity="2">
              <lines>
                <line number="20" hits="7" branch="False" />
                <line number="21" hits="9" branch="False" />
                <line number="22" hits="7" branch="True" condition-coverage="100% (2/2)">
                  <conditions>
                    <condition number="44" type="jump" coverage="100%" />
                  </conditions>
                </line>
                <line number="23" hits="1" branch="False" />
                <line number="24" hits="1" branch="False" />
                <line number="25" hits="1" branch="False" />
                <line number="27" hits="6" branch="False" />
                <line number="28" hits="6" branch="False" />
                <line number="29" hits="6" branch="False" />
                <line number="30" hits="7" branch="False" />
              </lines>
            </method>
            <method name="get_Subtotal" signature="()" line-rate="1" branch-rate="1" complexity="1">
              <lines>
                <line number="31" hits="5" branch="False" />
              </lines>
            </method>
            <method name="EliminarItem" signature="(System.String,System.Int32)" line-rate="1" branch-rate="1" complexity="4">
              <lines>
                <line number="34" hits="1" branch="False" />
                <line number="35" hits="2" branch="False" />
                <line number="36" hits="1" branch="True" condition-coverage="100% (2/2)">
                  <conditions>
                    <condition number="44" type="jump" coverage="100%" />
                  </conditions>
                </line>
                <line number="38" hits="1" branch="False" />
                <line number="39" hits="1" branch="True" condition-coverage="100% (2/2)">
                  <conditions>
                    <condition number="70" type="jump" coverage="100%" />
                  </conditions>
                </line>
                <line number="40" hits="1" branch="False" />
                <line number="41" hits="1" branch="False" />
                <line number="42" hits="1" branch="False" />
                <line number="43" hits="1" branch="False" />
              </lines>
            </method>
            <method name="CalcularTotalFinal" signature="()" line-rate="1" branch-rate="1" complexity="2">
              <lines>
                <line number="45" hits="1" branch="False" />
                <line number="46" hits="1" branch="False" />
                <line number="47" hits="1" branch="False" />
                <line number="49" hits="1" branch="True" condition-coverage="100% (2/2)">
                  <conditions>
                    <condition number="27" type="jump" coverage="100%" />
                  </conditions>
                </line>
                <line number="50" hits="1" branch="False" />
                <line number="52" hits="1" branch="False" />
                <line number="53" hits="1" branch="False" />
              </lines>
            </method>
            <method name=".ctor" signature="(CarritoDeCompra.Base.Interfaces.IServiciosImpuestos)" line-rate="1" branch-rate="1" complexity="1">
              <lines>
                <line number="12" hits="6" branch="False" />
                <line number="14" hits="6" branch="False" />
                <line number="15" hits="6" branch="False" />
                <line number="16" hits="6" branch="False" />
                <line number="17" hits="6" branch="False" />
              </lines>
            </method>
          </methods>
          <lines>
            <line number="18" hits="5" branch="False" />
            <line number="20" hits="7" branch="False" />
            <line number="21" hits="9" branch="False" />
            <line number="22" hits="7" branch="True" condition-coverage="100% (2/2)">
              <conditions>
                <condition number="44" type="jump" coverage="100%" />
              </conditions>
            </line>
            <line number="23" hits="1" branch="False" />
            <line number="24" hits="1" branch="False" />
            <line number="25" hits="1" branch="False" />
            <line number="27" hits="6" branch="False" />
            <line number="28" hits="6" branch="False" />
            <line number="29" hits="6" branch="False" />
            <line number="30" hits="7" branch="False" />
            <line number="31" hits="5" branch="False" />
            <line number="34" hits="1" branch="False" />
            <line number="35" hits="2" branch="False" />
            <line number="36" hits="1" branch="True" condition-coverage="100% (2/2)">
              <conditions>
                <condition number="44" type="jump" coverage="100%" />
              </conditions>
            </line>
            <line number="38" hits="1" branch="False" />
            <line number="39" hits="1" branch="True" condition-coverage="100% (2/2)">
              <conditions>
                <condition number="70" type="jump" coverage="100%" />
              </conditions>
            </line>
            <line number="40" hits="1" branch="False" />
            <line number="41" hits="1" branch="False" />
            <line number="42" hits="1" branch="False" />
            <line number="43" hits="1" branch="False" />
            <line number="45" hits="1" branch="False" />
            <line number="46" hits="1" branch="False" />
            <line number="47" hits="1" branch="False" />
            <line number="49" hits="1" branch="True" condition-coverage="100% (2/2)">
              <conditions>
                <condition number="27" type="jump" coverage="100%" />
              </conditions>
            </line>
            <line number="50" hits="1" branch="False" />
            <line number="52" hits="1" branch="False" />
            <line number="53" hits="1" branch="False" />
            <line number="12" hits="6" branch="False" />
            <line number="14" hits="6" branch="False" />
            <line number="15" hits="6" branch="False" />
            <line number="16" hits="6" branch="False" />
            <line number="17" hits="6" branch="False" />
          </lines>
        </class>
        <class name="CarritoDeCompra.Base.Models.CarritoItem" filename="Models\CarritoItem.cs" line-rate="1" branch-rate="0.5" complexity="7">
          <methods>
            <method name="get_Product" signature="()" line-rate="1" branch-rate="1" complexity="1">
              <lines>
                <line number="6" hits="7" branch="False" />
              </lines>
            </method>
            <method name="get_Cantidad" signature="()" line-rate="1" branch-rate="1" complexity="1">
              <lines>
                <line number="7" hits="16" branch="False" />
              </lines>
            </method>
            <method name="AgregarCantidad" signature="(System.Int32)" line-rate="1" branch-rate="1" complexity="1">
              <lines>
                <line number="15" hits="1" branch="False" />
              </lines>
            </method>
            <method name="get_PrecioTotal" signature="()" line-rate="1" branch-rate="1" complexity="1">
              <lines>
                <line number="17" hits="3" branch="False" />
              </lines>
            </method>
            <method name="EliminarCantindad" signature="(System.Int32)" line-rate="1" branch-rate="0.5" complexity="2">
              <lines>
                <line number="20" hits="1" branch="False" />
                <line number="21" hits="1" branch="False" />
                <line number="22" hits="1" branch="True" condition-coverage="50% (1/2)">
                  <conditions>
                    <condition number="27" type="jump" coverage="50%" />
                  </conditions>
                </line>
                <line number="23" hits="1" branch="False" />
              </lines>
            </method>
            <method name=".ctor" signature="(CarritoDeCompra.Base.Models.Producto,System.Int32)" line-rate="1" branch-rate="1" complexity="1">
              <lines>
                <line number="9" hits="6" branch="False" />
                <line number="10" hits="6" branch="False" />
                <line number="11" hits="6" branch="False" />
                <line number="12" hits="6" branch="False" />
                <line number="13" hits="6" branch="False" />
              </lines>
            </method>
          </methods>
          <lines>
            <line number="6" hits="7" branch="False" />
            <line number="7" hits="16" branch="False" />
            <line number="15" hits="1" branch="False" />
            <line number="17" hits="3" branch="False" />
            <line number="20" hits="1" branch="False" />
            <line number="21" hits="1" branch="False" />
            <line number="22" hits="1" branch="True" condition-coverage="50% (1/2)">
              <conditions>
                <condition number="27" type="jump" coverage="50%" />
              </conditions>
            </line>
            <line number="23" hits="1" branch="False" />
            <line number="9" hits="6" branch="False" />
            <line number="10" hits="6" branch="False" />
            <line number="11" hits="6" branch="False" />
            <line number="12" hits="6" branch="False" />
            <line number="13" hits="6" branch="False" />
          </lines>
        </class>
        <class name="CarritoDeCompra.Base.Models.Producto" filename="Models\Producto.cs" line-rate="1" branch-rate="1" complexity="1">
          <methods>
            <method name="get_Codigo" signature="()" line-rate="1" branch-rate="1" complexity="1">
              <lines>
                <line number="4" hits="12" branch="False" />
              </lines>
            </method>
          </methods>
          <lines>
            <line number="4" hits="12" branch="False" />
          </lines>
        </class>
      </classes>
    </package>
  </packages>
</coverage>