<?xml version="1.0" encoding="utf-8"?>
<coverage line-rate="1" branch-rate="1" version="1.9" timestamp="1767394925" lines-covered="23" lines-valid="23" branches-covered="2" branches-valid="2">
  <sources>
    <source>C:\Users\patri\Desktop\ProyectoIngenieriaSofware2\CarritoDeCompra.Base\</source>
  </sources>
  <packages>
    <package name="CarritoDeCompra.Base" line-rate="1" branch-rate="1" complexity="11">
      <classes>
        <class name="CarritoDeCompra.Base.Carrito" filename="Carrito.cs" line-rate="1" branch-rate="1" complexity="5">
          <methods>
            <method name="get_Items" signature="()" line-rate="1" branch-rate="1" complexity="1">
              <lines>
                <line number="8" hits="4" branch="False" />
              </lines>
            </method>
            <method name="AgregarItem" signature="(CarritoDeCompra.Base.Models.Producto,System.Int32)" line-rate="1" branch-rate="1" complexity="2">
              <lines>
                <line number="10" hits="5" branch="False" />
                <line number="11" hits="7" branch="False" />
                <line number="12" hits="5" branch="True" condition-coverage="100% (2/2)">
                  <conditions>
                    <condition number="44" type="jump" coverage="100%" />
                  </conditions>
                </line>
                <line number="13" hits="1" branch="False" />
                <line number="14" hits="1" branch="False" />
                <line number="15" hits="1" branch="False" />
                <line number="17" hits="4" branch="False" />
                <line number="18" hits="4" branch="False" />
                <line number="19" hits="4" branch="False" />
                <line number="20" hits="5" branch="False" />
              </lines>
            </method>
            <method name="get_Subtotal" signature="()" line-rate="1" branch-rate="1" complexity="1">
              <lines>
                <line number="22" hits="3" branch="False" />
              </lines>
            </method>
            <method name=".ctor" signature="()" line-rate="1" branch-rate="1" complexity="1">
              <lines>
                <line number="7" hits="3" branch="False" />
              </lines>
            </method>
          </methods>
          <lines>
            <line number="8" hits="4" branch="False" />
            <line number="10" hits="5" branch="False" />
            <line number="11" hits="7" branch="False" />
            <line number="12" hits="5" branch="True" condition-coverage="100% (2/2)">
              <conditions>
                <condition number="44" type="jump" coverage="100%" />
              </conditions>
            </line>
            <line number="13" hits="1" branch="False" />
            <line number="14" hits="1" branch="False" />
            <line number="15" hits="1" branch="False" />
            <line number="17" hits="4" branch="False" />
            <line number="18" hits="4" branch="False" />
            <line number="19" hits="4" branch="False" />
            <line number="20" hits="5" branch="False" />
            <line number="22" hits="3" branch="False" />
            <line number="7" hits="3" branch="False" />
          </lines>
        </class>
        <class name="CarritoDeCompra.Base.Models.CarritoItem" filename="Models\CarritoItem.cs" line-rate="1" branch-rate="1" complexity="5">
          <methods>
            <method name="get_Product" signature="()" line-rate="1" branch-rate="1" complexity="1">
              <lines>
                <line number="6" hits="5" branch="False" />
              </lines>
            </method>
            <method name="get_Cantidad" signature="()" line-rate="1" branch-rate="1" complexity="1">
              <lines>
                <line number="7" hits="9" branch="False" />
              </lines>
            </method>
            <method name="AgregarCantidad" signature="(System.Int32)" line-rate="1" branch-rate="1" complexity="1">
              <lines>
                <line number="15" hits="1" branch="False" />
              </lines>
            </method>
            <method name="get_PrecioTotal" signature="()" line-rate="1" branch-rate="1" complexity="1">
              <lines>
                <line number="17" hits="2" branch="False" />
              </lines>
            </method>
            <method name=".ctor" signature="(CarritoDeCompra.Base.Models.Producto,System.Int32)" line-rate="1" branch-rate="1" complexity="1">
              <lines>
                <line number="9" hits="4" branch="False" />
                <line number="10" hits="4" branch="False" />
                <line number="11" hits="4" branch="False" />
                <line number="12" hits="4" branch="False" />
                <line number="13" hits="4" branch="False" />
              </lines>
            </method>
          </methods>
          <lines>
            <line number="6" hits="5" branch="False" />
            <line number="7" hits="9" branch="False" />
            <line number="15" hits="1" branch="False" />
            <line number="17" hits="2" branch="False" />
            <line number="9" hits="4" branch="False" />
            <line number="10" hits="4" branch="False" />
            <line number="11" hits="4" branch="False" />
            <line number="12" hits="4" branch="False" />
            <line number="13" hits="4" branch="False" />
          </lines>
        </class>
        <class name="CarritoDeCompra.Base.Models.Producto" filename="Models\Producto.cs" line-rate="1" branch-rate="1" complexity="1">
          <methods>
            <method name="get_Codigo" signature="()" line-rate="1" branch-rate="1" complexity="1">
              <lines>
                <line number="4" hits="9" branch="False" />
              </lines>
            </method>
          </methods>
          <lines>
            <line number="4" hits="9" branch="False" />
          </lines>
        </class>
      </classes>
    </package>
  </packages>
</coverage>