<?xml version="1.0" encoding="utf-8"?>
<coverage line-rate="1" branch-rate="1" version="1.9" timestamp="1767140880" lines-covered="7" lines-valid="7" branches-covered="0" branches-valid="0">
  <sources>
    <source>C:\Users\patri\Desktop\ProyectoIngenieriaSofware2\CarritoDeCompra.Base\</source>
  </sources>
  <packages>
    <package name="CarritoDeCompra.Base" line-rate="1" branch-rate="1" complexity="5">
      <classes>
        <class name="CarritoDeCompra.Base.Carrito" filename="Carrito.cs" line-rate="1" branch-rate="1" complexity="4">
          <methods>
            <method name="get_Items" signature="()" line-rate="1" branch-rate="1" complexity="1">
              <lines>
                <line number="8" hits="2" branch="False" />
              </lines>
            </method>
            <method name="AgregarItem" signature="(CarritoDeCompra.Base.Models.Producto)" line-rate="1" branch-rate="1" complexity="1">
              <lines>
                <line number="10" hits="3" branch="False" />
                <line number="11" hits="3" branch="False" />
                <line number="12" hits="3" branch="False" />
              </lines>
            </method>
            <method name="get_Subtotal" signature="()" line-rate="1" branch-rate="1" complexity="1">
              <lines>
                <line number="14" hits="3" branch="False" />
              </lines>
            </method>
            <method name=".ctor" signature="()" line-rate="1" branch-rate="1" complexity="1">
              <lines>
                <line number="7" hits="2" branch="False" />
              </lines>
            </method>
          </methods>
          <lines>
            <line number="8" hits="2" branch="False" />
            <line number="10" hits="3" branch="False" />
            <line number="11" hits="3" branch="False" />
            <line number="12" hits="3" branch="False" />
            <line number="14" hits="3" branch="False" />
            <line number="7" hits="2" branch="False" />
          </lines>
        </class>
        <class name="CarritoDeCompra.Base.Models.Producto" filename="Models\Producto.cs" line-rate="1" branch-rate="1" complexity="1">
          <methods>
            <method name="get_Codigo" signature="()" line-rate="1" branch-rate="1" complexity="1">
              <lines>
                <line number="4" hits="5" branch="False" />
              </lines>
            </method>
          </methods>
          <lines>
            <line number="4" hits="5" branch="False" />
          </lines>
        </class>
      </classes>
    </package>
  </packages>
</coverage>